<?xml version="1.0" encoding="UTF-8"?>
<!-- Generated by org.testng.reporters.JUnitXMLReporter -->
<testsuite ignored="0" hostname="DESKTOP-A91QGQ6" failures="0" tests="5" name="Default test" time="42.846" errors="0" timestamp="2024-10-14T15:23:59 IST">
  <testcase classname="Oct4.LoginValidation" name="adminLogin" time="17.909"/>
  <testcase classname="Oct4.LoginValidation" name="adminLogin" time="5.169"/>
  <testcase classname="Oct4.LoginValidation" name="adminLogin" time="5.022"/>
  <testcase classname="Oct4.LoginValidation" name="adminLogin" time="5.735"/>
  <testcase classname="Oct4.LoginValidation" name="adminLogin" time="4.682"/>
</testsuite> <!-- Default test -->
