<?xml version="1.0" encoding="UTF-8"?>
<testng-results ignored="0" total="5" passed="5" failed="0" skipped="0">
  <reporter-output>
    <line>
      <![CDATA[Valid Credentails::dashboard       http://orangehrm.qedgetech.com/symfony/web/index.php/dashboard]]>
    </line>
    <line>
      <![CDATA[Username cannot be empty     dashboard        http://orangehrm.qedgetech.com/symfony/web/index.php/auth/login]]>
    </line>
    <line>
      <![CDATA[Password cannot be empty     dashboard        http://orangehrm.qedgetech.com/symfony/web/index.php/auth/login]]>
    </line>
    <line>
      <![CDATA[Valid Credentails::dashboard       http://orangehrm.qedgetech.com/symfony/web/index.php/dashboard]]>
    </line>
    <line>
      <![CDATA[Invalid credentials     dashboard        http://orangehrm.qedgetech.com/symfony/web/index.php/auth/validateCredentials]]>
    </line>
  </reporter-output>
  <suite started-at="2024-10-14T15:23:16 IST" name="Default suite" finished-at="2024-10-14T15:23:59 IST" duration-ms="42846">
    <groups>
    </groups>
    <test started-at="2024-10-14T15:23:16 IST" name="Default test" finished-at="2024-10-14T15:23:59 IST" duration-ms="42846">
      <class name="Oct4.LoginValidation">
        <test-method is-config="true" signature="beforeTest()[pri:0, instance:Oct4.LoginValidation@47e2e487]" started-at="2024-10-14T15:23:16 IST" name="beforeTest" finished-at="2024-10-14T15:23:20 IST" duration-ms="3921" status="PASS">
          <reporter-output>
          </reporter-output>
        </test-method> <!-- beforeTest -->
        <test-method signature="adminLogin(java.lang.String,java.lang.String)[pri:0, instance:Oct4.LoginValidation@47e2e487]" started-at="2024-10-14T15:23:20 IST" name="adminLogin" data-provider="dp" finished-at="2024-10-14T15:23:38 IST" duration-ms="17909" status="PASS">
          <params>
            <param index="0">
              <value>
                <![CDATA[Admin]]>
              </value>
            </param>
            <param index="1">
              <value>
                <![CDATA[Qedge123!@#]]>
              </value>
            </param>
          </params>
          <reporter-output>
            <line>
              <![CDATA[Valid Credentails::dashboard       http://orangehrm.qedgetech.com/symfony/web/index.php/dashboard]]>
            </line>
          </reporter-output>
        </test-method> <!-- adminLogin -->
        <test-method signature="adminLogin(java.lang.String,java.lang.String)[pri:0, instance:Oct4.LoginValidation@47e2e487]" started-at="2024-10-14T15:23:38 IST" name="adminLogin" data-provider="dp" finished-at="2024-10-14T15:23:43 IST" duration-ms="5169" status="PASS">
          <params>
            <param index="0">
              <value>
                <![CDATA[]]>
              </value>
            </param>
            <param index="1">
              <value>
                <![CDATA[Qedge123!@#]]>
              </value>
            </param>
          </params>
          <reporter-output>
            <line>
              <![CDATA[Username cannot be empty     dashboard        http://orangehrm.qedgetech.com/symfony/web/index.php/auth/login]]>
            </line>
          </reporter-output>
        </test-method> <!-- adminLogin -->
        <test-method signature="adminLogin(java.lang.String,java.lang.String)[pri:0, instance:Oct4.LoginValidation@47e2e487]" started-at="2024-10-14T15:23:43 IST" name="adminLogin" data-provider="dp" finished-at="2024-10-14T15:23:48 IST" duration-ms="5022" status="PASS">
          <params>
            <param index="0">
              <value>
                <![CDATA[Admin]]>
              </value>
            </param>
            <param index="1">
              <value>
                <![CDATA[]]>
              </value>
            </param>
          </params>
          <reporter-output>
            <line>
              <![CDATA[Password cannot be empty     dashboard        http://orangehrm.qedgetech.com/symfony/web/index.php/auth/login]]>
            </line>
          </reporter-output>
        </test-method> <!-- adminLogin -->
        <test-method signature="adminLogin(java.lang.String,java.lang.String)[pri:0, instance:Oct4.LoginValidation@47e2e487]" started-at="2024-10-14T15:23:48 IST" name="adminLogin" data-provider="dp" finished-at="2024-10-14T15:23:54 IST" duration-ms="5735" status="PASS">
          <params>
            <param index="0">
              <value>
                <![CDATA[Admin]]>
              </value>
            </param>
            <param index="1">
              <value>
                <![CDATA[Qedge123!@#]]>
              </value>
            </param>
          </params>
          <reporter-output>
            <line>
              <![CDATA[Valid Credentails::dashboard       http://orangehrm.qedgetech.com/symfony/web/index.php/dashboard]]>
            </line>
          </reporter-output>
        </test-method> <!-- adminLogin -->
        <test-method signature="adminLogin(java.lang.String,java.lang.String)[pri:0, instance:Oct4.LoginValidation@47e2e487]" started-at="2024-10-14T15:23:54 IST" name="adminLogin" data-provider="dp" finished-at="2024-10-14T15:23:59 IST" duration-ms="4682" status="PASS">
          <params>
            <param index="0">
              <value>
                <![CDATA[Test]]>
              </value>
            </param>
            <param index="1">
              <value>
                <![CDATA[Qedge123!@#]]>
              </value>
            </param>
          </params>
          <reporter-output>
            <line>
              <![CDATA[Invalid credentials     dashboard        http://orangehrm.qedgetech.com/symfony/web/index.php/auth/validateCredentials]]>
            </line>
          </reporter-output>
        </test-method> <!-- adminLogin -->
        <test-method is-config="true" signature="afterTest()[pri:0, instance:Oct4.LoginValidation@47e2e487]" started-at="2024-10-14T15:23:59 IST" name="afterTest" finished-at="2024-10-14T15:23:59 IST" duration-ms="308" status="PASS">
          <reporter-output>
          </reporter-output>
        </test-method> <!-- afterTest -->
      </class> <!-- Oct4.LoginValidation -->
    </test> <!-- Default test -->
  </suite> <!-- Default suite -->
</testng-results>
